<?xml version="1.0" encoding="UTF-8"?>
<!-- Generated by org.testng.reporters.JUnitXMLReporter -->
<testsuite ignored="0" hostname="Vigneshs-MacBook-Air-3.local" failures="0" tests="5" name="Default test" time="3.376" errors="0" timestamp="2024-09-02T14:27:54 IST">
  <testcase classname="testCases.TestData" name="loginTest" time="0.011"/>
  <testcase classname="testCases.TestData" name="loginTest" time="0.006"/>
  <testcase classname="testCases.TestData" name="loginTest" time="0.002"/>
  <testcase classname="testCases.TestData" name="loginTest" time="0.001"/>
  <testcase classname="testCases.TestData" name="loginTest" time="0.002"/>
</testsuite> <!-- Default test -->
