<?xml version="1.0" encoding="UTF-8"?>
<!-- Generated by org.testng.reporters.JUnitXMLReporter -->
<testsuite ignored="0" hostname="Vigneshs-MacBook-Air-3.local" failures="0" tests="2" name="ChromeTest" time="182.648" errors="0" timestamp="2024-09-03T17:56:18 IST">
  <testcase classname="testCases.TC02_LoginTest" name="loginTest" time="4.082"/>
  <testcase classname="testCases.TC01_RegisterTest" name="registerTest" time="0.0">
    <skipped/>
  </testcase> <!-- registerTest -->
</testsuite> <!-- ChromeTest -->
