<?xml version="1.0" encoding="UTF-8"?>
<!-- Generated by org.testng.reporters.JUnitXMLReporter -->
<testsuite ignored="0" hostname="Vigneshs-MacBook-Air-3.local" failures="2" tests="3" name="FirefoxTest" time="23.668" errors="0" timestamp="2024-09-03T17:52:01 IST">
  <testcase classname="testCases.TC01_RegisterTest" name="registerTest" time="7.98"/>
  <testcase classname="testCases.TC01_RegisterTest" name="registerTest" time="1.818">
    <failure type="java.lang.AssertionError" message="Test failed: Tried to run command without establishing a connection
Build info: version: &amp;apos;4.20.0&amp;apos;, revision: &amp;apos;866c76ca80&amp;apos;
System info: os.name: &amp;apos;Mac OS X&amp;apos;, os.arch: &amp;apos;x86_64&amp;apos;, os.version: &amp;apos;11.7.10&amp;apos;, java.version: &amp;apos;11.0.23&amp;apos;
Driver info: org.openqa.selenium.remote.RemoteWebDriver
Command: [293a74ce-5370-477a-9798-2fbe1f1ea20b, findElement {value=//a[@title=&amp;apos;My Account&amp;apos;], using=xpath}]
Capabilities {acceptInsecureCerts: false, browserName: firefox, browserVersion: 129.0.2, moz:accessibilityChecks: false, moz:buildID: 20240819150008, moz:geckodriverVersion: 0.35.0, moz:headless: false, moz:platformVersion: 6.4.16-linuxkit, moz:processID: 177, moz:profile: /tmp/rust_mozprofileQZw9Jm, moz:shutdownTimeout: 60000, moz:webdriverClick: true, moz:windowless: false, pageLoadStrategy: normal, platformName: linux, proxy: Proxy(), se:bidiEnabled: false, se:cdp: ws://172.23.0.3:4444/sessio..., se:containerName: , se:noVncPort: 7900, se:vnc: ws://172.23.0.3:4444/sessio..., se:vncEnabled: true, se:vncLocalAddress: ws://172.23.0.3:7900, setWindowRect: true, strictFileInteractability: false, timeouts: {implicit: 0, pageLoad: 300000, script: 30000}, unhandledPromptBehavior: dismiss and notify, userAgent: Mozilla/5.0 (X11; Linux x86...}
Session ID: 293a74ce-5370-477a-9798-2fbe1f1ea20b">
      <![CDATA[java.lang.AssertionError: Test failed: Tried to run command without establishing a connection
Build info: version: '4.20.0', revision: '866c76ca80'
System info: os.name: 'Mac OS X', os.arch: 'x86_64', os.version: '11.7.10', java.version: '11.0.23'
Driver info: org.openqa.selenium.remote.RemoteWebDriver
Command: [293a74ce-5370-477a-9798-2fbe1f1ea20b, findElement {value=//a[@title='My Account'], using=xpath}]
Capabilities {acceptInsecureCerts: false, browserName: firefox, browserVersion: 129.0.2, moz:accessibilityChecks: false, moz:buildID: 20240819150008, moz:geckodriverVersion: 0.35.0, moz:headless: false, moz:platformVersion: 6.4.16-linuxkit, moz:processID: 177, moz:profile: /tmp/rust_mozprofileQZw9Jm, moz:shutdownTimeout: 60000, moz:webdriverClick: true, moz:windowless: false, pageLoadStrategy: normal, platformName: linux, proxy: Proxy(), se:bidiEnabled: false, se:cdp: ws://172.23.0.3:4444/sessio..., se:containerName: , se:noVncPort: 7900, se:vnc: ws://172.23.0.3:4444/sessio..., se:vncEnabled: true, se:vncLocalAddress: ws://172.23.0.3:7900, setWindowRect: true, strictFileInteractability: false, timeouts: {implicit: 0, pageLoad: 300000, script: 30000}, unhandledPromptBehavior: dismiss and notify, userAgent: Mozilla/5.0 (X11; Linux x86...}
Session ID: 293a74ce-5370-477a-9798-2fbe1f1ea20b
at testCases.TC01_RegisterTest.registerTest(TC01_RegisterTest.java:60)
at java.base/java.util.ArrayList.forEach(ArrayList.java:1541)
at java.base/java.util.concurrent.FutureTask.run(FutureTask.java:264)
at java.base/java.util.concurrent.ThreadPoolExecutor.runWorker(ThreadPoolExecutor.java:1128)
at java.base/java.util.concurrent.ThreadPoolExecutor$Worker.run(ThreadPoolExecutor.java:628)
at java.base/java.lang.Thread.run(Thread.java:834)
... Removed 19 stack frames]]>
    </failure>
  </testcase> <!-- registerTest -->
  <testcase classname="testCases.TC01_RegisterTest" name="registerTest" time="1.863">
    <failure type="org.openqa.selenium.remote.UnreachableBrowserException" message="Error communicating with the remote browser. It may have died.
Build info: version: &amp;apos;4.20.0&amp;apos;, revision: &amp;apos;866c76ca80&amp;apos;
System info: os.name: &amp;apos;Mac OS X&amp;apos;, os.arch: &amp;apos;x86_64&amp;apos;, os.version: &amp;apos;11.7.10&amp;apos;, java.version: &amp;apos;11.0.23&amp;apos;
Driver info: org.openqa.selenium.remote.RemoteWebDriver
Command: [293a74ce-5370-477a-9798-2fbe1f1ea20b, screenshot []]
Capabilities {acceptInsecureCerts: false, browserName: firefox, browserVersion: 129.0.2, moz:accessibilityChecks: false, moz:buildID: 20240819150008, moz:geckodriverVersion: 0.35.0, moz:headless: false, moz:platformVersion: 6.4.16-linuxkit, moz:processID: 177, moz:profile: /tmp/rust_mozprofileQZw9Jm, moz:shutdownTimeout: 60000, moz:webdriverClick: true, moz:windowless: false, pageLoadStrategy: normal, platformName: linux, proxy: Proxy(), se:bidiEnabled: false, se:cdp: ws://172.23.0.3:4444/sessio..., se:containerName: , se:noVncPort: 7900, se:vnc: ws://172.23.0.3:4444/sessio..., se:vncEnabled: true, se:vncLocalAddress: ws://172.23.0.3:7900, setWindowRect: true, strictFileInteractability: false, timeouts: {implicit: 0, pageLoad: 300000, script: 30000}, unhandledPromptBehavior: dismiss and notify, userAgent: Mozilla/5.0 (X11; Linux x86...}">
      <![CDATA[org.openqa.selenium.remote.UnreachableBrowserException: Error communicating with the remote browser. It may have died.
Build info: version: '4.20.0', revision: '866c76ca80'
System info: os.name: 'Mac OS X', os.arch: 'x86_64', os.version: '11.7.10', java.version: '11.0.23'
Driver info: org.openqa.selenium.remote.RemoteWebDriver
Command: [293a74ce-5370-477a-9798-2fbe1f1ea20b, screenshot []]
Capabilities {acceptInsecureCerts: false, browserName: firefox, browserVersion: 129.0.2, moz:accessibilityChecks: false, moz:buildID: 20240819150008, moz:geckodriverVersion: 0.35.0, moz:headless: false, moz:platformVersion: 6.4.16-linuxkit, moz:processID: 177, moz:profile: /tmp/rust_mozprofileQZw9Jm, moz:shutdownTimeout: 60000, moz:webdriverClick: true, moz:windowless: false, pageLoadStrategy: normal, platformName: linux, proxy: Proxy(), se:bidiEnabled: false, se:cdp: ws://172.23.0.3:4444/sessio..., se:containerName: , se:noVncPort: 7900, se:vnc: ws://172.23.0.3:4444/sessio..., se:vncEnabled: true, se:vncLocalAddress: ws://172.23.0.3:7900, setWindowRect: true, strictFileInteractability: false, timeouts: {implicit: 0, pageLoad: 300000, script: 30000}, unhandledPromptBehavior: dismiss and notify, userAgent: Mozilla/5.0 (X11; Linux x86...}
at org.openqa.selenium.remote.RemoteWebDriver.execute(RemoteWebDriver.java:545)
at org.openqa.selenium.remote.RemoteWebDriver.execute(RemoteWebDriver.java:591)
at org.openqa.selenium.remote.RemoteWebDriver.execute(RemoteWebDriver.java:595)
at org.openqa.selenium.remote.RemoteWebDriver.getScreenshotAs(RemoteWebDriver.java:321)
at testBase.BaseClass.captureScreen(BaseClass.java:161)
at utilities.ExtentReportManager.onTestFailure(ExtentReportManager.java:88)
at java.base/java.util.ArrayList.forEach(ArrayList.java:1541)
at java.base/java.util.concurrent.FutureTask.run(FutureTask.java:264)
at java.base/java.util.concurrent.ThreadPoolExecutor.runWorker(ThreadPoolExecutor.java:1128)
at java.base/java.util.concurrent.ThreadPoolExecutor$Worker.run(ThreadPoolExecutor.java:628)
at java.base/java.lang.Thread.run(Thread.java:834)
Caused by: java.lang.NullPointerException
at org.openqa.selenium.remote.http.jdk.JdkHttpClient.execute0(JdkHttpClient.java:376)
at org.openqa.selenium.remote.http.AddSeleniumUserAgent.lambda$apply$0(AddSeleniumUserAgent.java:42)
at org.openqa.selenium.remote.http.Filter.lambda$andFinally$1(Filter.java:55)
at org.openqa.selenium.remote.http.jdk.JdkHttpClient.execute(JdkHttpClient.java:352)
at org.openqa.selenium.remote.tracing.TracedHttpClient.execute(TracedHttpClient.java:54)
at org.openqa.selenium.remote.HttpCommandExecutor.execute(HttpCommandExecutor.java:187)
at org.openqa.selenium.remote.TracedCommandExecutor.execute(TracedCommandExecutor.java:51)
at org.openqa.selenium.remote.RemoteWebDriver.execute(RemoteWebDriver.java:518)
... 25 more
... Removed 15 stack frames]]>
    </failure>
  </testcase> <!-- registerTest -->
</testsuite> <!-- FirefoxTest -->
