<?xml version="1.0" encoding="UTF-8"?>
<testng-results ignored="0" total="2" passed="2" failed="0" skipped="0">
  <reporter-output>
  </reporter-output>
  <suite started-at="2024-09-07T01:18:12 IST" name="Suite" finished-at="2024-09-07T01:18:34 IST" duration-ms="21518">
    <groups>
      <group name="Master">
        <method signature="TC01_RegisterTest.registerTest()[pri:0, instance:testCases.TC01_RegisterTest@3af9c5b7]" name="registerTest" class="testCases.TC01_RegisterTest"/>
        <method signature="TC02_LoginTest.loginTest()[pri:0, instance:testCases.TC02_LoginTest@37271612]" name="loginTest" class="testCases.TC02_LoginTest"/>
      </group> <!-- Master -->
      <group name="Sanity">
        <method signature="TC02_LoginTest.loginTest()[pri:0, instance:testCases.TC02_LoginTest@37271612]" name="loginTest" class="testCases.TC02_LoginTest"/>
      </group> <!-- Sanity -->
      <group name="Regression">
        <method signature="TC01_RegisterTest.registerTest()[pri:0, instance:testCases.TC01_RegisterTest@3af9c5b7]" name="registerTest" class="testCases.TC01_RegisterTest"/>
      </group> <!-- Regression -->
    </groups>
    <test started-at="2024-09-07T01:18:12 IST" name="Test" finished-at="2024-09-07T01:18:34 IST" duration-ms="21518">
      <class name="testCases.TC02_LoginTest">
        <test-method is-config="true" signature="setup(java.lang.String, java.lang.String)[pri:0, instance:testCases.TC02_LoginTest@37271612]" started-at="2024-09-07T01:18:26 IST" name="setup" finished-at="2024-09-07T01:18:31 IST" duration-ms="5186" status="PASS">
          <params>
            <param index="0">
              <value>
                <![CDATA[windows]]>
              </value>
            </param>
            <param index="1">
              <value>
                <![CDATA[chrome]]>
              </value>
            </param>
          </params>
          <reporter-output>
          </reporter-output>
        </test-method> <!-- setup -->
        <test-method signature="loginTest()[pri:0, instance:testCases.TC02_LoginTest@37271612]" started-at="2024-09-07T01:18:31 IST" name="loginTest" finished-at="2024-09-07T01:18:33 IST" duration-ms="2145" status="PASS">
          <reporter-output>
          </reporter-output>
        </test-method> <!-- loginTest -->
        <test-method is-config="true" signature="tearDown()[pri:0, instance:testCases.TC02_LoginTest@37271612]" started-at="2024-09-07T01:18:33 IST" name="tearDown" finished-at="2024-09-07T01:18:34 IST" duration-ms="438" status="PASS">
          <reporter-output>
          </reporter-output>
        </test-method> <!-- tearDown -->
      </class> <!-- testCases.TC02_LoginTest -->
      <class name="testCases.TC01_RegisterTest">
        <test-method is-config="true" signature="setup(java.lang.String, java.lang.String)[pri:0, instance:testCases.TC01_RegisterTest@3af9c5b7]" started-at="2024-09-07T01:18:13 IST" name="setup" finished-at="2024-09-07T01:18:22 IST" duration-ms="9549" status="PASS">
          <params>
            <param index="0">
              <value>
                <![CDATA[windows]]>
              </value>
            </param>
            <param index="1">
              <value>
                <![CDATA[chrome]]>
              </value>
            </param>
          </params>
          <reporter-output>
          </reporter-output>
        </test-method> <!-- setup -->
        <test-method signature="registerTest()[pri:0, instance:testCases.TC01_RegisterTest@3af9c5b7]" started-at="2024-09-07T01:18:23 IST" name="registerTest" finished-at="2024-09-07T01:18:26 IST" duration-ms="3242" status="PASS">
          <reporter-output>
          </reporter-output>
        </test-method> <!-- registerTest -->
        <test-method is-config="true" signature="tearDown()[pri:0, instance:testCases.TC01_RegisterTest@3af9c5b7]" started-at="2024-09-07T01:18:26 IST" name="tearDown" finished-at="2024-09-07T01:18:26 IST" duration-ms="221" status="PASS">
          <reporter-output>
          </reporter-output>
        </test-method> <!-- tearDown -->
      </class> <!-- testCases.TC01_RegisterTest -->
    </test> <!-- Test -->
  </suite> <!-- Suite -->
</testng-results>
